#
# There is insufficient memory for the Java Runtime Environment to continue.
# Native memory allocation (mmap) failed to map 87031808 bytes for committing reserved memory.
# Possible reasons:
#   The system is out of physical RAM or swap space
#   In 32 bit mode, the process size limit was hit
# Possible solutions:
#   Reduce memory load on the system
#   Increase physical memory or swap space
#   Check if swap backing store is full
#   Use 64 bit Java on a 64 bit OS
#   Decrease Java heap size (-Xmx/-Xms)
#   Decrease number of Java threads
#   Decrease Java thread stack sizes (-Xss)
#   Set larger code cache with -XX:ReservedCodeCacheSize=
# This output file may be truncated or incomplete.
#
#  Out of Memory Error (os_linux.cpp:2630), pid=19175, tid=0x00007fa93c36b700
#
# JRE version:  (8.0_121-b13) (build )
# Java VM: OpenJDK 64-Bit Server VM (25.121-b13 mixed mode linux-amd64 compressed oops)
# Failed to write core dump. Core dumps have been disabled. To enable core dumping, try "ulimit -c unlimited" before starting Java again
#

---------------  T H R E A D  ---------------

Current thread (0x00007fa93400a000):  JavaThread "Unknown thread" [_thread_in_vm, id=19178, stack(0x00007fa93c26b000,0x00007fa93c36c000)]

Stack: [0x00007fa93c26b000,0x00007fa93c36c000],  sp=0x00007fa93c36a630,  free space=1021k
Native frames: (J=compiled Java code, j=interpreted, Vv=VM code, C=native code)
V  [libjvm.so+0xa6647b]
V  [libjvm.so+0x4c32dc]
V  [libjvm.so+0x8b4b60]
V  [libjvm.so+0x8aefde]
V  [libjvm.so+0x929a16]
V  [libjvm.so+0x91a4f3]
V  [libjvm.so+0x2ad271]
V  [libjvm.so+0x8d9fe9]
V  [libjvm.so+0xa29979]
V  [libjvm.so+0xa29bc2]
V  [libjvm.so+0x60e43f]
V  [libjvm.so+0xa0ef6a]
V  [libjvm.so+0x6886e2]  JNI_CreateJavaVM+0x62
C  [libjli.so+0x2f2e]
C  [libjli.so+0x73dd]
C  [libpthread.so.0+0x770a]  start_thread+0xca


---------------  P R O C E S S  ---------------

Java Threads: ( => current thread )

Other Threads:

=>0x00007fa93400a000 (exited) JavaThread "Unknown thread" [_thread_in_vm, id=19178, stack(0x00007fa93c26b000,0x00007fa93c36c000)]

VM state:not at safepoint (not fully initialized)

VM Mutex/Monitor currently owned by a thread: None

GC Heap History (0 events):
No events

Deoptimization events (0 events):
No events

Internal exceptions (0 events):
No events

Events (0 events):
No events


Dynamic libraries:
00400000-00401000 r-xp 00000000 08:06 4472212                            /usr/lib/jvm/java-8-openjdk-amd64/jre/bin/java
00600000-00601000 r--p 00000000 08:06 4472212                            /usr/lib/jvm/java-8-openjdk-amd64/jre/bin/java
00601000-00602000 rw-p 00001000 08:06 4472212                            /usr/lib/jvm/java-8-openjdk-amd64/jre/bin/java
01ba3000-01bc4000 rw-p 00000000 00:00 0                                  [heap]
89700000-d6c00000 ---p 00000000 00:00 0 
d6c00000-d9500000 rw-p 00000000 00:00 0 
d9500000-100000000 ---p 00000000 00:00 0 
7fa925000000-7fa925270000 rwxp 00000000 00:00 0 
7fa925270000-7fa934000000 ---p 00000000 00:00 0 
7fa934000000-7fa934031000 rw-p 00000000 00:00 0 
7fa934031000-7fa938000000 ---p 00000000 00:00 0 
7fa938547000-7fa9387db000 ---p 00000000 00:00 0 
7fa9387db000-7fa9387f0000 rw-p 00000000 00:00 0 
7fa9387f0000-7fa938925000 ---p 00000000 00:00 0 
7fa938925000-7fa938930000 rw-p 00000000 00:00 0 
7fa938930000-7fa938ce6000 ---p 00000000 00:00 0 
7fa938ce6000-7fa938cee000 r-xp 00000000 08:06 4470040                    /usr/lib/jvm/java-8-openjdk-amd64/jre/lib/amd64/libzip.so
7fa938cee000-7fa938eed000 ---p 00008000 08:06 4470040                    /usr/lib/jvm/java-8-openjdk-amd64/jre/lib/amd64/libzip.so
7fa938eed000-7fa938eee000 r--p 00007000 08:06 4470040                    /usr/lib/jvm/java-8-openjdk-amd64/jre/lib/amd64/libzip.so
7fa938eee000-7fa938eef000 rw-p 00008000 08:06 4470040                    /usr/lib/jvm/java-8-openjdk-amd64/jre/lib/amd64/libzip.so
7fa938eef000-7fa938efa000 r-xp 00000000 08:06 3412530                    /lib/x86_64-linux-gnu/libnss_files-2.23.so
7fa938efa000-7fa9390f9000 ---p 0000b000 08:06 3412530                    /lib/x86_64-linux-gnu/libnss_files-2.23.so
7fa9390f9000-7fa9390fa000 r--p 0000a000 08:06 3412530                    /lib/x86_64-linux-gnu/libnss_files-2.23.so
7fa9390fa000-7fa9390fb000 rw-p 0000b000 08:06 3412530                    /lib/x86_64-linux-gnu/libnss_files-2.23.so
7fa9390fb000-7fa939101000 rw-p 00000000 00:00 0 
7fa939101000-7fa93910c000 r-xp 00000000 08:06 3412527                    /lib/x86_64-linux-gnu/libnss_nis-2.23.so
7fa93910c000-7fa93930b000 ---p 0000b000 08:06 3412527                    /lib/x86_64-linux-gnu/libnss_nis-2.23.so
7fa93930b000-7fa93930c000 r--p 0000a000 08:06 3412527                    /lib/x86_64-linux-gnu/libnss_nis-2.23.so
7fa93930c000-7fa93930d000 rw-p 0000b000 08:06 3412527                    /lib/x86_64-linux-gnu/libnss_nis-2.23.so
7fa93930d000-7fa939323000 r-xp 00000000 08:06 3412525                    /lib/x86_64-linux-gnu/libnsl-2.23.so
7fa939323000-7fa939522000 ---p 00016000 08:06 3412525                    /lib/x86_64-linux-gnu/libnsl-2.23.so
7fa939522000-7fa939523000 r--p 00015000 08:06 3412525                    /lib/x86_64-linux-gnu/libnsl-2.23.so
7fa939523000-7fa939524000 rw-p 00016000 08:06 3412525                    /lib/x86_64-linux-gnu/libnsl-2.23.so
7fa939524000-7fa939526000 rw-p 00000000 00:00 0 
7fa939526000-7fa93952e000 r-xp 00000000 08:06 3412523                    /lib/x86_64-linux-gnu/libnss_compat-2.23.so
7fa93952e000-7fa93972d000 ---p 00008000 08:06 3412523                    /lib/x86_64-linux-gnu/libnss_compat-2.23.so
7fa93972d000-7fa93972e000 r--p 00007000 08:06 3412523                    /lib/x86_64-linux-gnu/libnss_compat-2.23.so
7fa93972e000-7fa93972f000 rw-p 00008000 08:06 3412523                    /lib/x86_64-linux-gnu/libnss_compat-2.23.so
7fa93972f000-7fa93975c000 r-xp 00000000 08:06 4470065                    /usr/lib/jvm/java-8-openjdk-amd64/jre/lib/amd64/libjava.so
7fa93975c000-7fa93995b000 ---p 0002d000 08:06 4470065                    /usr/lib/jvm/java-8-openjdk-amd64/jre/lib/amd64/libjava.so
7fa93995b000-7fa93995c000 r--p 0002c000 08:06 4470065                    /usr/lib/jvm/java-8-openjdk-amd64/jre/lib/amd64/libjava.so
7fa93995c000-7fa93995e000 rw-p 0002d000 08:06 4470065                    /usr/lib/jvm/java-8-openjdk-amd64/jre/lib/amd64/libjava.so
7fa93995e000-7fa93996d000 r-xp 00000000 08:06 4470033                    /usr/lib/jvm/java-8-openjdk-amd64/jre/lib/amd64/libverify.so
7fa93996d000-7fa939b6c000 ---p 0000f000 08:06 4470033                    /usr/lib/jvm/java-8-openjdk-amd64/jre/lib/amd64/libverify.so
7fa939b6c000-7fa939b6e000 r--p 0000e000 08:06 4470033                    /usr/lib/jvm/java-8-openjdk-amd64/jre/lib/amd64/libverify.so
7fa939b6e000-7fa939b6f000 rw-p 00010000 08:06 4470033                    /usr/lib/jvm/java-8-openjdk-amd64/jre/lib/amd64/libverify.so
7fa939b6f000-7fa939b76000 r-xp 00000000 08:06 3412540                    /lib/x86_64-linux-gnu/librt-2.23.so
7fa939b76000-7fa939d75000 ---p 00007000 08:06 3412540                    /lib/x86_64-linux-gnu/librt-2.23.so
7fa939d75000-7fa939d76000 r--p 00006000 08:06 3412540                    /lib/x86_64-linux-gnu/librt-2.23.so
7fa939d76000-7fa939d77000 rw-p 00007000 08:06 3412540                    /lib/x86_64-linux-gnu/librt-2.23.so
7fa939d77000-7fa939d8d000 r-xp 00000000 08:06 3412646                    /lib/x86_64-linux-gnu/libgcc_s.so.1
7fa939d8d000-7fa939f8c000 ---p 00016000 08:06 3412646                    /lib/x86_64-linux-gnu/libgcc_s.so.1
7fa939f8c000-7fa939f8d000 rw-p 00015000 08:06 3412646                    /lib/x86_64-linux-gnu/libgcc_s.so.1
7fa939f8d000-7fa93a095000 r-xp 00000000 08:06 3412536                    /lib/x86_64-linux-gnu/libm-2.23.so
7fa93a095000-7fa93a294000 ---p 00108000 08:06 3412536                    /lib/x86_64-linux-gnu/libm-2.23.so
7fa93a294000-7fa93a295000 r--p 00107000 08:06 3412536                    /lib/x86_64-linux-gnu/libm-2.23.so
7fa93a295000-7fa93a296000 rw-p 00108000 08:06 3412536                    /lib/x86_64-linux-gnu/libm-2.23.so
7fa93a296000-7fa93a408000 r-xp 00000000 08:06 4456477                    /usr/lib/x86_64-linux-gnu/libstdc++.so.6.0.21
7fa93a408000-7fa93a608000 ---p 00172000 08:06 4456477                    /usr/lib/x86_64-linux-gnu/libstdc++.so.6.0.21
7fa93a608000-7fa93a612000 r--p 00172000 08:06 4456477                    /usr/lib/x86_64-linux-gnu/libstdc++.so.6.0.21
7fa93a612000-7fa93a614000 rw-p 0017c000 08:06 4456477                    /usr/lib/x86_64-linux-gnu/libstdc++.so.6.0.21
7fa93a614000-7fa93a618000 rw-p 00000000 00:00 0 
7fa93a618000-7fa93b268000 r-xp 00000000 08:06 4470060                    /usr/lib/jvm/java-8-openjdk-amd64/jre/lib/amd64/server/libjvm.so
7fa93b268000-7fa93b467000 ---p 00c50000 08:06 4470060                    /usr/lib/jvm/java-8-openjdk-amd64/jre/lib/amd64/server/libjvm.so
7fa93b467000-7fa93b4fa000 r--p 00c4f000 08:06 4470060                    /usr/lib/jvm/java-8-openjdk-amd64/jre/lib/amd64/server/libjvm.so
7fa93b4fa000-7fa93b523000 rw-p 00ce2000 08:06 4470060                    /usr/lib/jvm/java-8-openjdk-amd64/jre/lib/amd64/server/libjvm.so
7fa93b523000-7fa93b553000 rw-p 00000000 00:00 0 
7fa93b553000-7fa93b56b000 r-xp 00000000 08:06 3412549                    /lib/x86_64-linux-gnu/libpthread-2.23.so
7fa93b56b000-7fa93b76a000 ---p 00018000 08:06 3412549                    /lib/x86_64-linux-gnu/libpthread-2.23.so
7fa93b76a000-7fa93b76b000 r--p 00017000 08:06 3412549                    /lib/x86_64-linux-gnu/libpthread-2.23.so
7fa93b76b000-7fa93b76c000 rw-p 00018000 08:06 3412549                    /lib/x86_64-linux-gnu/libpthread-2.23.so
7fa93b76c000-7fa93b770000 rw-p 00000000 00:00 0 
7fa93b770000-7fa93b773000 r-xp 00000000 08:06 3412565                    /lib/x86_64-linux-gnu/libdl-2.23.so
7fa93b773000-7fa93b972000 ---p 00003000 08:06 3412565                    /lib/x86_64-linux-gnu/libdl-2.23.so
7fa93b972000-7fa93b973000 r--p 00002000 08:06 3412565                    /lib/x86_64-linux-gnu/libdl-2.23.so
7fa93b973000-7fa93b974000 rw-p 00003000 08:06 3412565                    /lib/x86_64-linux-gnu/libdl-2.23.so
7fa93b974000-7fa93b98d000 r-xp 00000000 08:06 3412702                    /lib/x86_64-linux-gnu/libz.so.1.2.8
7fa93b98d000-7fa93bb8c000 ---p 00019000 08:06 3412702                    /lib/x86_64-linux-gnu/libz.so.1.2.8
7fa93bb8c000-7fa93bb8d000 r--p 00018000 08:06 3412702                    /lib/x86_64-linux-gnu/libz.so.1.2.8
7fa93bb8d000-7fa93bb8e000 rw-p 00019000 08:06 3412702                    /lib/x86_64-linux-gnu/libz.so.1.2.8
7fa93bb8e000-7fa93bd4d000 r-xp 00000000 08:06 3412552                    /lib/x86_64-linux-gnu/libc-2.23.so
7fa93bd4d000-7fa93bf4d000 ---p 001bf000 08:06 3412552                    /lib/x86_64-linux-gnu/libc-2.23.so
7fa93bf4d000-7fa93bf51000 r--p 001bf000 08:06 3412552                    /lib/x86_64-linux-gnu/libc-2.23.so
7fa93bf51000-7fa93bf53000 rw-p 001c3000 08:06 3412552                    /lib/x86_64-linux-gnu/libc-2.23.so
7fa93bf53000-7fa93bf57000 rw-p 00000000 00:00 0 
7fa93bf57000-7fa93bf64000 r-xp 00000000 08:06 4470055                    /usr/lib/jvm/java-8-openjdk-amd64/jre/lib/amd64/jli/libjli.so
7fa93bf64000-7fa93c164000 ---p 0000d000 08:06 4470055                    /usr/lib/jvm/java-8-openjdk-amd64/jre/lib/amd64/jli/libjli.so
7fa93c164000-7fa93c165000 r--p 0000d000 08:06 4470055                    /usr/lib/jvm/java-8-openjdk-amd64/jre/lib/amd64/jli/libjli.so
7fa93c165000-7fa93c166000 rw-p 0000e000 08:06 4470055                    /usr/lib/jvm/java-8-openjdk-amd64/jre/lib/amd64/jli/libjli.so
7fa93c166000-7fa93c18c000 r-xp 00000000 08:06 3412541                    /lib/x86_64-linux-gnu/ld-2.23.so
7fa93c26b000-7fa93c26e000 ---p 00000000 00:00 0 
7fa93c26e000-7fa93c371000 rw-p 00000000 00:00 0 
7fa93c37f000-7fa93c387000 rw-s 00000000 08:06 2883853                    /tmp/hsperfdata_sagar/19175
7fa93c387000-7fa93c388000 rw-p 00000000 00:00 0 
7fa93c388000-7fa93c389000 r--p 00000000 00:00 0 
7fa93c389000-7fa93c38b000 rw-p 00000000 00:00 0 
7fa93c38b000-7fa93c38c000 r--p 00025000 08:06 3412541                    /lib/x86_64-linux-gnu/ld-2.23.so
7fa93c38c000-7fa93c38d000 rw-p 00026000 08:06 3412541                    /lib/x86_64-linux-gnu/ld-2.23.so
7fa93c38d000-7fa93c38e000 rw-p 00000000 00:00 0 
7ffe0a859000-7ffe0a87a000 rw-p 00000000 00:00 0                          [stack]
7ffe0a9a4000-7ffe0a9a6000 r--p 00000000 00:00 0                          [vvar]
7ffe0a9a6000-7ffe0a9a8000 r-xp 00000000 00:00 0                          [vdso]
ffffffffff600000-ffffffffff601000 r-xp 00000000 00:00 0                  [vsyscall]

VM Arguments:
jvm_args: -Dant.home=/usr/share/ant -Dant.library.dir=/usr/share/ant/lib 
java_command: org.apache.tools.ant.launch.Launcher -cp  clean
java_class_path (initial): /usr/share/ant/lib/ant-launcher.jar
Launcher Type: SUN_STANDARD

Environment Variables:
PATH=/usr/local/sbin:/usr/local/bin:/usr/sbin:/usr/bin:/sbin:/bin:/usr/games:/usr/local/games:/snap/bin
SHELL=/usr/bin/zsh
DISPLAY=:0

Signal Handlers:
SIGSEGV: [libjvm.so+0xa66fd0], sa_mask[0]=11111111011111111101111111111110, sa_flags=SA_RESTART|SA_SIGINFO
SIGBUS: [libjvm.so+0xa66fd0], sa_mask[0]=11111111011111111101111111111110, sa_flags=SA_RESTART|SA_SIGINFO
SIGFPE: [libjvm.so+0x8b0180], sa_mask[0]=11111111011111111101111111111110, sa_flags=SA_RESTART|SA_SIGINFO
SIGPIPE: [libjvm.so+0x8b0180], sa_mask[0]=11111111011111111101111111111110, sa_flags=SA_RESTART|SA_SIGINFO
SIGXFSZ: [libjvm.so+0x8b0180], sa_mask[0]=11111111011111111101111111111110, sa_flags=SA_RESTART|SA_SIGINFO
SIGILL: [libjvm.so+0x8b0180], sa_mask[0]=11111111011111111101111111111110, sa_flags=SA_RESTART|SA_SIGINFO
SIGUSR1: SIG_DFL, sa_mask[0]=00000000000000000000000000000000, sa_flags=none
SIGUSR2: [libjvm.so+0x8b0030], sa_mask[0]=00000000000000000000000000000000, sa_flags=SA_RESTART|SA_SIGINFO
SIGHUP: SIG_DFL, sa_mask[0]=00000000000000000000000000000000, sa_flags=none
SIGINT: SIG_DFL, sa_mask[0]=00000000000000000000000000000000, sa_flags=none
SIGTERM: SIG_DFL, sa_mask[0]=00000000000000000000000000000000, sa_flags=none
SIGQUIT: SIG_DFL, sa_mask[0]=00000000000000000000000000000000, sa_flags=none


---------------  S Y S T E M  ---------------

OS:DISTRIB_ID=Ubuntu
DISTRIB_RELEASE=16.04
DISTRIB_CODENAME=xenial
DISTRIB_DESCRIPTION="Ubuntu 16.04.1 LTS"

uname:Linux 4.4.0-66-generic #87-Ubuntu SMP Fri Mar 3 15:29:05 UTC 2017 x86_64
libc:glibc 2.23 NPTL 2.23 
rlimit: STACK 8192k, CORE 0k, NPROC 31283, NOFILE 65536, AS infinity
load average:0.14 0.22 0.21

/proc/meminfo:
MemTotal:        8103336 kB
MemFree:         2184624 kB
MemAvailable:    4132696 kB
Buffers:          276356 kB
Cached:          2273336 kB
SwapCached:            0 kB
Active:          4291020 kB
Inactive:        1287480 kB
Active(anon):    3035884 kB
Inactive(anon):   470716 kB
Active(file):    1255136 kB
Inactive(file):   816764 kB
Unevictable:          68 kB
Mlocked:              68 kB
SwapTotal:       3999740 kB
SwapFree:        3999740 kB
Dirty:              3396 kB
Writeback:             0 kB
AnonPages:       3029156 kB
Mapped:           459852 kB
Shmem:            477784 kB
Slab:             225800 kB
SReclaimable:     184052 kB
SUnreclaim:        41748 kB
KernelStack:       10480 kB
PageTables:        44504 kB
NFS_Unstable:          0 kB
Bounce:                0 kB
WritebackTmp:          0 kB
CommitLimit:     8051408 kB
Committed_AS:    7935908 kB
VmallocTotal:   34359738367 kB
VmallocUsed:           0 kB
VmallocChunk:          0 kB
HardwareCorrupted:     0 kB
AnonHugePages:   1927168 kB
CmaTotal:              0 kB
CmaFree:               0 kB
HugePages_Total:       0
HugePages_Free:        0
HugePages_Rsvd:        0
HugePages_Surp:        0
Hugepagesize:       2048 kB
DirectMap4k:      174720 kB
DirectMap2M:     6045696 kB
DirectMap1G:     3145728 kB


CPU:total 4 (2 cores per cpu, 2 threads per core) family 6 model 69 stepping 1, cmov, cx8, fxsr, mmx, sse, sse2, sse3, ssse3, sse4.1, sse4.2, popcnt, avx, avx2, aes, clmul, erms, lzcnt, ht, tsc, tscinvbit, bmi1, bmi2

/proc/cpuinfo:
processor	: 0
vendor_id	: GenuineIntel
cpu family	: 6
model		: 69
model name	: Intel(R) Core(TM) i7-4510U CPU @ 2.00GHz
stepping	: 1
microcode	: 0x1d
cpu MHz		: 1237.742
cache size	: 4096 KB
physical id	: 0
siblings	: 4
core id		: 0
cpu cores	: 2
apicid		: 0
initial apicid	: 0
fpu		: yes
fpu_exception	: yes
cpuid level	: 13
wp		: yes
flags		: fpu vme de pse tsc msr pae mce cx8 apic sep mtrr pge mca cmov pat pse36 clflush dts acpi mmx fxsr sse sse2 ss ht tm pbe syscall nx pdpe1gb rdtscp lm constant_tsc arch_perfmon pebs bts rep_good nopl xtopology nonstop_tsc aperfmperf eagerfpu pni pclmulqdq dtes64 monitor ds_cpl vmx est tm2 ssse3 sdbg fma cx16 xtpr pdcm pcid sse4_1 sse4_2 movbe popcnt tsc_deadline_timer aes xsave avx f16c rdrand lahf_lm abm epb tpr_shadow vnmi flexpriority ept vpid fsgsbase tsc_adjust bmi1 avx2 smep bmi2 erms invpcid xsaveopt dtherm ida arat pln pts
bugs		:
bogomips	: 5187.56
clflush size	: 64
cache_alignment	: 64
address sizes	: 39 bits physical, 48 bits virtual
power management:

processor	: 1
vendor_id	: GenuineIntel
cpu family	: 6
model		: 69
model name	: Intel(R) Core(TM) i7-4510U CPU @ 2.00GHz
stepping	: 1
microcode	: 0x1d
cpu MHz		: 1398.718
cache size	: 4096 KB
physical id	: 0
siblings	: 4
core id		: 0
cpu cores	: 2
apicid		: 1
initial apicid	: 1
fpu		: yes
fpu_exception	: yes
cpuid level	: 13
wp		: yes
flags		: fpu vme de pse tsc msr pae mce cx8 apic sep mtrr pge mca cmov pat pse36 clflush dts acpi mmx fxsr sse sse2 ss ht tm pbe syscall nx pdpe1gb rdtscp lm constant_tsc arch_perfmon pebs bts rep_good nopl xtopology nonstop_tsc aperfmperf eagerfpu pni pclmulqdq dtes64 monitor ds_cpl vmx est tm2 ssse3 sdbg fma cx16 xtpr pdcm pcid sse4_1 sse4_2 movbe popcnt tsc_deadline_timer aes xsave avx f16c rdrand lahf_lm abm epb tpr_shadow vnmi flexpriority ept vpid fsgsbase tsc_adjust bmi1 avx2 smep bmi2 erms invpcid xsaveopt dtherm ida arat pln pts
bugs		:
bogomips	: 5187.56
clflush size	: 64
cache_alignment	: 64
address sizes	: 39 bits physical, 48 bits virtual
power management:

processor	: 2
vendor_id	: GenuineIntel
cpu family	: 6
model		: 69
model name	: Intel(R) Core(TM) i7-4510U CPU @ 2.00GHz
stepping	: 1
microcode	: 0x1d
cpu MHz		: 1283.953
cache size	: 4096 KB
physical id	: 0
siblings	: 4
core id		: 1
cpu cores	: 2
apicid		: 2
initial apicid	: 2
fpu		: yes
fpu_exception	: yes
cpuid level	: 13
wp		: yes
flags		: fpu vme de pse tsc msr pae mce cx8 apic sep mtrr pge mca cmov pat pse36 clflush dts acpi mmx fxsr sse sse2 ss ht tm pbe syscall nx pdpe1gb rdtscp lm constant_tsc arch_perfmon pebs bts rep_good nopl xtopology nonstop_tsc aperfmperf eagerfpu pni pclmulqdq dtes64 monitor ds_cpl vmx est tm2 ssse3 sdbg fma cx16 xtpr pdcm pcid sse4_1 sse4_2 movbe popcnt tsc_deadline_timer aes xsave avx f16c rdrand lahf_lm abm epb tpr_shadow vnmi flexpriority ept vpid fsgsbase tsc_adjust bmi1 avx2 smep bmi2 erms invpcid xsaveopt dtherm ida arat pln pts
bugs		:
bogomips	: 5187.56
clflush size	: 64
cache_alignment	: 64
address sizes	: 39 bits physical, 48 bits virtual
power management:

processor	: 3
vendor_id	: GenuineIntel
cpu family	: 6
model		: 69
model name	: Intel(R) Core(TM) i7-4510U CPU @ 2.00GHz
stepping	: 1
microcode	: 0x1d
cpu MHz		: 1493.882
cache size	: 4096 KB
physical id	: 0
siblings	: 4
core id		: 1
cpu cores	: 2
apicid		: 3
initial apicid	: 3
fpu		: yes
fpu_exception	: yes
cpuid level	: 13
wp		: yes
flags		: fpu vme de pse tsc msr pae mce cx8 apic sep mtrr pge mca cmov pat pse36 clflush dts acpi mmx fxsr sse sse2 ss ht tm pbe syscall nx pdpe1gb rdtscp lm constant_tsc arch_perfmon pebs bts rep_good nopl xtopology nonstop_tsc aperfmperf eagerfpu pni pclmulqdq dtes64 monitor ds_cpl vmx est tm2 ssse3 sdbg fma cx16 xtpr pdcm pcid sse4_1 sse4_2 movbe popcnt tsc_deadline_timer aes xsave avx f16c rdrand lahf_lm abm epb tpr_shadow vnmi flexpriority ept vpid fsgsbase tsc_adjust bmi1 avx2 smep bmi2 erms invpcid xsaveopt dtherm ida arat pln pts
bugs		:
bogomips	: 5187.56
clflush size	: 64
cache_alignment	: 64
address sizes	: 39 bits physical, 48 bits virtual
power management:



Memory: 4k page, physical 8103336k(2184624k free), swap 3999740k(3999740k free)

vm_info: OpenJDK 64-Bit Server VM (25.121-b13) for linux-amd64 JRE (1.8.0_121-8u121-b13-0ubuntu1.16.04.2-b13), built on Jan 23 2017 15:51:29 by "buildd" with gcc 5.4.0 20160609

time: Mon Oct  9 01:11:36 2017
elapsed time: 0 seconds (0d 0h 0m 0s)

